<?xml version="1.0" encoding="UTF-8"?>
<!-- Generated by org.testng.reporters.JUnitReportReporter -->
<testsuite skipped="0" hostname="EPAMYERW0139" name="automation.com.finca.tests.bb" tests="1" failures="0" timestamp="13 Mar 2019 07:10:13 GMT" time="6.484" errors="0">
  <testcase name="login" time="6.484" classname="automation.com.finca.tests.bb"/>
</testsuite> <!-- automation.com.finca.tests.bb -->
