<?xml version="1.0" encoding="UTF-8"?>
<!-- Generated by org.testng.reporters.JUnitReportReporter -->
<testsuite hostname="EPAMYERW0139" failures="0" tests="1" name="automation.com.finca.tests.LoginTest" time="17.730" errors="0" timestamp="18 Mar 2019 11:38:16 GMT" skipped="0">
  <testcase classname="automation.com.finca.tests.LoginTest" name="login" time="17.730"/>
</testsuite> <!-- automation.com.finca.tests.LoginTest -->
