<?xml version="1.0" encoding="UTF-8"?>
<!-- Generated by org.testng.reporters.JUnitReportReporter -->
<testsuite skipped="0" hostname="EPAMYERW0139" name="automation.com.finca.tests.BaseTest" tests="1" failures="0" timestamp="11 Mar 2019 08:30:48 GMT" time="0.421" errors="0">
  <testcase name="login" time="0.421" classname="automation.com.finca.tests.BaseTest"/>
</testsuite> <!-- automation.com.finca.tests.BaseTest -->
